<?xml version="1.0" encoding="UTF-8"?>
<!-- Generated by org.testng.reporters.JUnitXMLReporter -->
<testsuite hostname="SUBHASHA-PC" ignored="0" name="Default test" tests="4" failures="0" timestamp="18 Dec 2019 11:47:22 GMT" time="43.896" errors="0">
  <testcase name="Verify_Login_WithValidInputs" time="14.912" classname="com.kt.enrollez.Broker_AddEmployer_TestCase"/>
  <testcase name="AddEmployer_CompanyInformation" time="12.778" classname="com.kt.enrollez.Broker_AddEmployer_TestCase"/>
  <testcase name="Verify_Applications" time="8.037" classname="com.kt.enrollez.Broker_AddEmployer_TestCase"/>
  <testcase name="Client_Representative" time="8.101" classname="com.kt.enrollez.Broker_AddEmployer_TestCase"/>
</testsuite> <!-- Default test -->
